<?xml version="1.0" encoding="UTF-8"?>
<!-- Generated by org.testng.reporters.JUnitReportReporter -->
<testsuite hostname="LAPTOP-RQ5ADVUS" failures="0" tests="3" name="mobileApplicationAppium.testCases" time="16.906" errors="0" timestamp="2024-01-01T00:23:34 EET" skipped="2">
  <testcase classname="mobileApplicationAppium.testCases" name="clickOnEvenNumbers" time="16.906"/>
  <system-out/>
  <testcase classname="mobileApplicationAppium.testCases" name="calculatorApplication">
    <skipped/>
  </testcase> <!-- calculatorApplication -->
  <system-out/>
  <testcase classname="mobileApplicationAppium.testCases" name="swagLabOnMobileBrowser">
    <skipped/>
  </testcase> <!-- swagLabOnMobileBrowser -->
  <system-out/>
</testsuite> <!-- mobileApplicationAppium.testCases -->
