<?xml version="1.0" encoding="UTF-8"?>
<!-- Generated by org.testng.reporters.JUnitReportReporter -->
<testsuite hostname="LAPTOP-RQ5ADVUS" failures="0" tests="4" name="mobileApplicationAppium.testCases" time="31.751" errors="0" timestamp="2024-02-14T00:37:56 EET" skipped="3">
  <testcase classname="mobileApplicationAppium.testCases" name="clickOnEvenNumbers" time="31.751"/>
  <system-out/>
  <testcase classname="mobileApplicationAppium.testCases" name="calculatorApplication">
    <skipped/>
  </testcase> <!-- calculatorApplication -->
  <system-out/>
  <testcase classname="mobileApplicationAppium.testCases" name="swagLabOnMobileBrowser">
    <skipped/>
  </testcase> <!-- swagLabOnMobileBrowser -->
  <system-out/>
  <testcase classname="mobileApplicationAppium.testCases" name="clickAtAllNumbers">
    <skipped/>
  </testcase> <!-- clickAtAllNumbers -->
  <system-out/>
</testsuite> <!-- mobileApplicationAppium.testCases -->
